Using pre-set license
Built from '2023.2/staging' branch; Version is '2023.2.9f1 (0c9c2e1f4bef) revision 826414'; Using compiler version '193431935'; Build Type 'Release'
OS: 'Windows 11  (10.0.22631) 64bit Core' Language: 'es' Physical Memory: 32486 MB
BatchMode: 1, IsHumanControllingUs: 0, StartBugReporterOnCrash: 0, Is64bit: 1, IsPro: 1

COMMAND LINE ARGUMENTS:
C:\Program Files\Unity\Hub\Editor\2023.2.9f1\Editor\Unity.exe
-adb2
-batchMode
-noUpm
-name
AssetImportWorker0
-projectPath
C:/Users/munoz/Desktop/Github/RealidadVirtual/RealidadVirtualyAumentada2024A/ARVR2024
-logFile
Logs/AssetImportWorker0.log
-srvPort
53623
-job-worker-count
15
-background-job-worker-count
8
-asset-garbage-collectors
1
Successfully changed project path to: C:/Users/munoz/Desktop/Github/RealidadVirtual/RealidadVirtualyAumentada2024A/ARVR2024
C:/Users/munoz/Desktop/Github/RealidadVirtual/RealidadVirtualyAumentada2024A/ARVR2024
[UnityMemory] Configuration Parameters - Can be set up in boot.config
    "memorysetup-bucket-allocator-granularity=16"
    "memorysetup-bucket-allocator-bucket-count=8"
    "memorysetup-bucket-allocator-block-size=33554432"
    "memorysetup-bucket-allocator-block-count=8"
    "memorysetup-main-allocator-block-size=16777216"
    "memorysetup-thread-allocator-block-size=16777216"
    "memorysetup-gfx-main-allocator-block-size=16777216"
    "memorysetup-gfx-thread-allocator-block-size=16777216"
    "memorysetup-cache-allocator-block-size=4194304"
    "memorysetup-typetree-allocator-block-size=2097152"
    "memorysetup-profiler-bucket-allocator-granularity=16"
    "memorysetup-profiler-bucket-allocator-bucket-count=8"
    "memorysetup-profiler-bucket-allocator-block-size=33554432"
    "memorysetup-profiler-bucket-allocator-block-count=8"
    "memorysetup-profiler-allocator-block-size=16777216"
    "memorysetup-profiler-editor-allocator-block-size=1048576"
    "memorysetup-temp-allocator-size-main=16777216"
    "memorysetup-job-temp-allocator-block-size=2097152"
    "memorysetup-job-temp-allocator-block-size-background=1048576"
    "memorysetup-job-temp-allocator-reduction-small-platforms=262144"
    "memorysetup-allocator-temp-initial-block-size-main=262144"
    "memorysetup-allocator-temp-initial-block-size-worker=262144"
    "memorysetup-temp-allocator-size-background-worker=32768"
    "memorysetup-temp-allocator-size-job-worker=262144"
    "memorysetup-temp-allocator-size-preload-manager=33554432"
    "memorysetup-temp-allocator-size-nav-mesh-worker=65536"
    "memorysetup-temp-allocator-size-audio-worker=65536"
    "memorysetup-temp-allocator-size-cloud-worker=32768"
    "memorysetup-temp-allocator-size-gi-baking-worker=262144"
    "memorysetup-temp-allocator-size-gi-baking-worker=262144"
    "memorysetup-temp-allocator-size-gi-baking-worker=262144"
    "memorysetup-temp-allocator-size-gi-baking-worker=262144"
    "memorysetup-temp-allocator-size-gfx=262144"
Player connection [41140] Host "[IP] 192.168.68.107 [Port] 0 [Flags] 2 [Guid] 648955271 [EditorId] 648955271 [Version] 1048832 [Id] WindowsEditor(7,BlackStar157878) [Debug] 1 [PackageName] WindowsEditor [ProjectName] Editor" joined multi-casting on [225.0.0.222:54997]...
Player connection [41140] Host "[IP] 192.168.68.107 [Port] 0 [Flags] 2 [Guid] 648955271 [EditorId] 648955271 [Version] 1048832 [Id] WindowsEditor(7,BlackStar157878) [Debug] 1 [PackageName] WindowsEditor [ProjectName] Editor" joined alternative multi-casting on [225.0.0.222:34997]...
JobSystem: Creating JobQueue using job-worker-count value 15
[Physics::Module] Initialized MultithreadedJobDispatcher with 15 workers.
Library Redirect Path: Library/
Refreshing native plugins compatible for Editor in 1.47 ms, found 4 plugins.
Preloading 0 native plugins for Editor in 0.00 ms.
Initialize engine version: 2023.2.9f1 (0c9c2e1f4bef)
[Subsystems] Discovering subsystems at path C:/Program Files/Unity/Hub/Editor/2023.2.9f1/Editor/Data/Resources/UnitySubsystems
[Subsystems] Discovering subsystems at path C:/Users/munoz/Desktop/Github/RealidadVirtual/RealidadVirtualyAumentada2024A/ARVR2024/Assets
GfxDevice: creating device client; kGfxThreadingModeNonThreaded
Direct3D:
    Version:  Direct3D 11.0 [level 11.1]
    Renderer: NVIDIA GeForce RTX 4080 (ID=0x2704)
    Vendor:   NVIDIA
    VRAM:     16050 MB
    Driver:   31.0.15.5168
Initialize mono
Mono path[0] = 'C:/Program Files/Unity/Hub/Editor/2023.2.9f1/Editor/Data/Managed'
Mono path[1] = 'C:/Program Files/Unity/Hub/Editor/2023.2.9f1/Editor/Data/MonoBleedingEdge/lib/mono/unityjit-win32'
Mono config path = 'C:/Program Files/Unity/Hub/Editor/2023.2.9f1/Editor/Data/MonoBleedingEdge/etc'
Using monoOptions --debugger-agent=transport=dt_socket,embedding=1,server=y,suspend=n,address=127.0.0.1:56992
Begin MonoManager ReloadAssembly
C:\build\output\Unity-Technologies\mono\mono\metadata\icall.c:1842:
C:\build\output\Unity-Technologies\mono\mono\metadata\icall.c:1842:
C:\build\output\Unity-Technologies\mono\mono\metadata\icall.c:1842:
C:\build\output\Unity-Technologies\mono\mono\metadata\icall.c:1842:
C:\build\output\Unity-Technologies\mono\mono\metadata\icall.c:1842:
C:\build\output\Unity-Technologies\mono\mono\metadata\icall.c:1842:
C:\build\output\Unity-Technologies\mono\mono\metadata\icall.c:1842:
C:\build\output\Unity-Technologies\mono\mono\metadata\icall.c:1842:
C:\build\output\Unity-Technologies\mono\mono\metadata\icall.c:1842:
C:\build\output\Unity-Technologies\mono\mono\metadata\icall.c:1842:
Registering precompiled unity dll's ...
Register platform support module: C:/Program Files/Unity/Hub/Editor/2023.2.9f1/Editor/Data/PlaybackEngines/WindowsStandaloneSupport/UnityEditor.WindowsStandalone.Extensions.dll
Register platform support module: C:/Program Files/Unity/Hub/Editor/2023.2.9f1/Editor/Data/PlaybackEngines/AndroidPlayer/UnityEditor.Android.Extensions.dll
Registered in 0.002189 seconds.
- Loaded All Assemblies, in  0.225 seconds
Native extension for Android target not found
Android Extension - Scanning For ADB Devices 155 ms
Native extension for WindowsStandalone target not found
Mono: successfully reloaded assembly
C:\build\output\Unity-Technologies\mono\mono\metadata\icall.c:1842:
C:\build\output\Unity-Technologies\mono\mono\metadata\icall.c:1842:
- Finished resetting the current domain, in  0.364 seconds
Domain Reload Profiling: 587ms
	BeginReloadAssembly (75ms)
		ExecutionOrderSort (0ms)
		DisableScriptedObjects (0ms)
		BackupInstance (0ms)
		ReleaseScriptingObjects (0ms)
		CreateAndSetChildDomain (0ms)
	RebuildCommonClasses (20ms)
	RebuildNativeTypeToScriptingClass (7ms)
	initialDomainReloadingComplete (28ms)
	LoadAllAssembliesAndSetupDomain (93ms)
		LoadAssemblies (74ms)
		RebuildTransferFunctionScriptingTraits (0ms)
		AnalyzeDomain (91ms)
			TypeCache.Refresh (90ms)
				TypeCache.ScanAssembly (82ms)
			BuildScriptInfoCaches (0ms)
			ResolveRequiredComponents (0ms)
	FinalizeReload (364ms)
		ReleaseScriptCaches (0ms)
		RebuildScriptCaches (0ms)
		SetupLoadedEditorAssemblies (336ms)
			LogAssemblyErrors (0ms)
			InitializePlatformSupportModulesInManaged (217ms)
			SetLoadedEditorAssemblies (2ms)
			BeforeProcessingInitializeOnLoad (5ms)
			ProcessInitializeOnLoadAttributes (86ms)
			ProcessInitializeOnLoadMethodAttributes (26ms)
			AfterProcessingInitializeOnLoad (0ms)
			EditorAssembliesLoaded (0ms)
		ExecutionOrderSort2 (0ms)
		AwakeInstancesAfterBackupRestoration (0ms)
========================================================================
Worker process is ready to serve import requests
Import Worker Mode flag is 0x00
Begin MonoManager ReloadAssembly
C:\build\output\Unity-Technologies\mono\mono\metadata\icall.c:1842:
C:\build\output\Unity-Technologies\mono\mono\metadata\icall.c:1842:
C:\build\output\Unity-Technologies\mono\mono\metadata\icall.c:1842:
C:\build\output\Unity-Technologies\mono\mono\metadata\icall.c:1842:
C:\build\output\Unity-Technologies\mono\mono\metadata\icall.c:1842:
C:\build\output\Unity-Technologies\mono\mono\metadata\icall.c:1842:
C:\build\output\Unity-Technologies\mono\mono\metadata\icall.c:1842:
C:\build\output\Unity-Technologies\mono\mono\metadata\icall.c:1842:
C:\build\output\Unity-Technologies\mono\mono\metadata\icall.c:1842:
C:\build\output\Unity-Technologies\mono\mono\metadata\icall.c:1842:
C:\build\output\Unity-Technologies\mono\mono\metadata\icall.c:1842:
C:\build\output\Unity-Technologies\mono\mono\metadata\icall.c:1842:
- Loaded All Assemblies, in  0.435 seconds
Refreshing native plugins compatible for Editor in 1.82 ms, found 4 plugins.
Native extension for Android target not found
Native extension for WindowsStandalone target not found
Mono: successfully reloaded assembly
- Finished resetting the current domain, in  0.320 seconds
Domain Reload Profiling: 753ms
	BeginReloadAssembly (171ms)
		ExecutionOrderSort (0ms)
		DisableScriptedObjects (3ms)
		BackupInstance (0ms)
		ReleaseScriptingObjects (0ms)
		CreateAndSetChildDomain (21ms)
	RebuildCommonClasses (20ms)
	RebuildNativeTypeToScriptingClass (7ms)
	initialDomainReloadingComplete (20ms)
	LoadAllAssembliesAndSetupDomain (215ms)
		LoadAssemblies (171ms)
		RebuildTransferFunctionScriptingTraits (0ms)
		AnalyzeDomain (98ms)
			TypeCache.Refresh (83ms)
				TypeCache.ScanAssembly (74ms)
			BuildScriptInfoCaches (11ms)
			ResolveRequiredComponents (2ms)
	FinalizeReload (320ms)
		ReleaseScriptCaches (0ms)
		RebuildScriptCaches (0ms)
		SetupLoadedEditorAssemblies (211ms)
			LogAssemblyErrors (0ms)
			InitializePlatformSupportModulesInManaged (11ms)
			SetLoadedEditorAssemblies (3ms)
			BeforeProcessingInitializeOnLoad (21ms)
			ProcessInitializeOnLoadAttributes (162ms)
			ProcessInitializeOnLoadMethodAttributes (13ms)
			AfterProcessingInitializeOnLoad (2ms)
			EditorAssembliesLoaded (0ms)
		ExecutionOrderSort2 (0ms)
		AwakeInstancesAfterBackupRestoration (4ms)
Launched and connected shader compiler UnityShaderCompiler.exe after 0.01 seconds
Refreshing native plugins compatible for Editor in 1.64 ms, found 4 plugins.
Preloading 0 native plugins for Editor in 0.00 ms.
Unloading 20 Unused Serialized files (Serialized files now loaded: 0)
Unloading 3244 unused Assets / (0.8 MB). Loaded Objects now: 3805.
Memory consumption went from 121.5 MB to 120.8 MB.
Total: 3.081100 ms (FindLiveObjects: 0.208700 ms CreateObjectMapping: 0.093800 ms MarkObjects: 2.258500 ms  DeleteObjects: 0.519300 ms)

========================================================================
Received Import Request.
  Time since last request: 11775.982754 seconds.
  path: Assets
  artifactKey: Guid(00000000000000001000000000000000) Importer(815301076,1909f56bfc062723c751e8b465ee728b)
Start importing Assets using Guid(00000000000000001000000000000000) Importer(815301076,1909f56bfc062723c751e8b465ee728b) (PreviewImporter) -> (artifact id: '38ff83ccccfe8e2dfb22b2cdb880a4aa') in 0.0032016 seconds
Number of updated asset objects reloaded before import = 0Number of asset objects unloaded after import = 0

========================================================================
Received Import Request.
  Time since last request: 8.362785 seconds.
  path: Assets/Resources
  artifactKey: Guid(13f945bdbcfd3134babedba545b2ed4f) Importer(815301076,1909f56bfc062723c751e8b465ee728b)
Start importing Assets/Resources using Guid(13f945bdbcfd3134babedba545b2ed4f) Importer(815301076,1909f56bfc062723c751e8b465ee728b) (PreviewImporter) -> (artifact id: '49b32aa47f7c5a05145308acd1b909eb') in 0.0004336 seconds
Number of updated asset objects reloaded before import = 0Number of asset objects unloaded after import = 0

========================================================================
Received Import Request.
  Time since last request: 23.411685 seconds.
  path: Assets/Resources/ImageTarget
  artifactKey: Guid(3951b5607dc033940944a3d83278ae65) Importer(815301076,1909f56bfc062723c751e8b465ee728b)
Start importing Assets/Resources/ImageTarget using Guid(3951b5607dc033940944a3d83278ae65) Importer(815301076,1909f56bfc062723c751e8b465ee728b) (PreviewImporter) -> (artifact id: '79f41ec7776abdc20c35158438af5edd') in 0.000558 seconds
Number of updated asset objects reloaded before import = 0Number of asset objects unloaded after import = 0

========================================================================
Received Import Request.
  Time since last request: 31.826652 seconds.
  path: Assets/Resources/ImageTarget/Carta_Baraja.jpeg
  artifactKey: Guid(d452b2a6d1c80fb42b97434234182189) Importer(815301076,1909f56bfc062723c751e8b465ee728b)
Start importing Assets/Resources/ImageTarget/Carta_Baraja.jpeg using Guid(d452b2a6d1c80fb42b97434234182189) Importer(815301076,1909f56bfc062723c751e8b465ee728b) (PreviewImporter) -> (artifact id: '101750a6c5edee8c7e19efba5bdff2db') in 0.0767147 seconds
Number of updated asset objects reloaded before import = 0Number of asset objects unloaded after import = 2

========================================================================
Received Import Request.
  Time since last request: 530.559025 seconds.
  path: Assets/StreamingAssets
  artifactKey: Guid(632a619089c23f64c95db57fb2f72f60) Importer(815301076,1909f56bfc062723c751e8b465ee728b)
Start importing Assets/StreamingAssets using Guid(632a619089c23f64c95db57fb2f72f60) Importer(815301076,1909f56bfc062723c751e8b465ee728b) (PreviewImporter) -> (artifact id: '3e80343b888a385627989f41c0eb4502') in 0.000864 seconds
Number of updated asset objects reloaded before import = 0Number of asset objects unloaded after import = 0

========================================================================
Received Import Request.
  Time since last request: 2.462726 seconds.
  path: Assets/StreamingAssets/namecard.jpg
  artifactKey: Guid(5e74c378611fb374987c6860a040134c) Importer(815301076,1909f56bfc062723c751e8b465ee728b)
Start importing Assets/StreamingAssets/namecard.jpg using Guid(5e74c378611fb374987c6860a040134c) Importer(815301076,1909f56bfc062723c751e8b465ee728b) (PreviewImporter) -> (artifact id: 'c2c3ce63172d742cb820c67159a977a1') in 0.0009964 seconds
Number of updated asset objects reloaded before import = 0Number of asset objects unloaded after import = 1

========================================================================
Received Import Request.
  Time since last request: 6.661948 seconds.
  path: Assets/StreamingAssets/namecard.etd
  artifactKey: Guid(7db6980461f42bb428bdc98643cf962c) Importer(815301076,1909f56bfc062723c751e8b465ee728b)
Start importing Assets/StreamingAssets/namecard.etd using Guid(7db6980461f42bb428bdc98643cf962c) Importer(815301076,1909f56bfc062723c751e8b465ee728b) (PreviewImporter) -> (artifact id: '07905c5c181bfcce61e9eb38a4ba34d3') in 0.0006251 seconds
Number of updated asset objects reloaded before import = 0Number of asset objects unloaded after import = 1

========================================================================
Received Import Request.
  Time since last request: 2.134130 seconds.
  path: Assets/StreamingAssets/idback.jpg
  artifactKey: Guid(f8ef6ffdb5e61274d98d26b62be33362) Importer(815301076,1909f56bfc062723c751e8b465ee728b)
Start importing Assets/StreamingAssets/idback.jpg using Guid(f8ef6ffdb5e61274d98d26b62be33362) Importer(815301076,1909f56bfc062723c751e8b465ee728b) (PreviewImporter) -> (artifact id: 'ea1d011681522cd94c8871e8463d5ce9') in 0.0006159 seconds
Number of updated asset objects reloaded before import = 0Number of asset objects unloaded after import = 1

========================================================================
Received Import Request.
  Time since last request: 517.982479 seconds.
  path: Assets/Resources/ImageTarget/CartaBaraja.png
  artifactKey: Guid(783a3cbb685afdf45b0e3394b1e24e69) Importer(815301076,1909f56bfc062723c751e8b465ee728b)
Start importing Assets/Resources/ImageTarget/CartaBaraja.png using Guid(783a3cbb685afdf45b0e3394b1e24e69) Importer(815301076,1909f56bfc062723c751e8b465ee728b) (PreviewImporter) -> (artifact id: '66efc5b374dd16a222bde1eac4bc20ac') in 0.0433367 seconds
Number of updated asset objects reloaded before import = 0Number of asset objects unloaded after import = 2

========================================================================
Received Import Request.
  Time since last request: 62.773702 seconds.
  path: Assets/StreamingAssets/CartaBaraja.etd
  artifactKey: Guid(22bc404028fa1e0409c4b3610d793bd6) Importer(815301076,1909f56bfc062723c751e8b465ee728b)
Start importing Assets/StreamingAssets/CartaBaraja.etd using Guid(22bc404028fa1e0409c4b3610d793bd6) Importer(815301076,1909f56bfc062723c751e8b465ee728b) (PreviewImporter) -> (artifact id: 'aae23570c17bccb11973f98c31fa9a17') in 0.0007037 seconds
Number of updated asset objects reloaded before import = 0Number of asset objects unloaded after import = 1

========================================================================
Received Import Request.
  Time since last request: 378.974667 seconds.
  path: Assets/Supercyan Character Pack Animal People Sample/Textures/backpack/animal_people_backbag_1_texture.png
  artifactKey: Guid(92ab140f0e1c6c94195a0c42fdfd05cc) Importer(815301076,1909f56bfc062723c751e8b465ee728b)
Start importing Assets/Supercyan Character Pack Animal People Sample/Textures/backpack/animal_people_backbag_1_texture.png using Guid(92ab140f0e1c6c94195a0c42fdfd05cc) Importer(815301076,1909f56bfc062723c751e8b465ee728b) (PreviewImporter) -> (artifact id: '96ee08e3fe177be104eda06d808d313e') in 0.0354303 seconds
Number of updated asset objects reloaded before import = 0Number of asset objects unloaded after import = 2

========================================================================
Received Import Request.
  Time since last request: 0.000341 seconds.
  path: Assets/Supercyan Character Pack Animal People Sample/Materials/Mobile/animal_people_beanie_material_low.mat
  artifactKey: Guid(74d80de2efd1e1b4a897b6b7eab2b0a5) Importer(815301076,1909f56bfc062723c751e8b465ee728b)
Start importing Assets/Supercyan Character Pack Animal People Sample/Materials/Mobile/animal_people_beanie_material_low.mat using Guid(74d80de2efd1e1b4a897b6b7eab2b0a5) Importer(815301076,1909f56bfc062723c751e8b465ee728b) (PreviewImporter) -> (artifact id: '647f6bee8b4de390427898942cebe235') in 0.0632328 seconds
Number of updated asset objects reloaded before import = 0Number of asset objects unloaded after import = 2

========================================================================
Received Import Request.
  Time since last request: 0.000024 seconds.
  path: Assets/Supercyan Character Pack Animal People Sample/Animations/common_people@backwards-walk.FBX
  artifactKey: Guid(f493a982b3776b94ebf759f1c6df64ff) Importer(815301076,1909f56bfc062723c751e8b465ee728b)
Start importing Assets/Supercyan Character Pack Animal People Sample/Animations/common_people@backwards-walk.FBX using Guid(f493a982b3776b94ebf759f1c6df64ff) Importer(815301076,1909f56bfc062723c751e8b465ee728b) (PreviewImporter) -> (artifact id: '9d07bd0ebdc317370fb3894d00911064') in 0.0094232 seconds
Number of updated asset objects reloaded before import = 0Number of asset objects unloaded after import = 61

========================================================================
Received Import Request.
  Time since last request: 0.000020 seconds.
  path: Assets/Supercyan Character Pack Animal People Sample/Materials/High Quality/animal_people_wolf_supercyan_material_head.mat
  artifactKey: Guid(90fdf08bcf9e62a4399a5fb434a30e44) Importer(815301076,1909f56bfc062723c751e8b465ee728b)
Start importing Assets/Supercyan Character Pack Animal People Sample/Materials/High Quality/animal_people_wolf_supercyan_material_head.mat using Guid(90fdf08bcf9e62a4399a5fb434a30e44) Importer(815301076,1909f56bfc062723c751e8b465ee728b) (PreviewImporter) -> (artifact id: 'cff3a37c9837327b520c9b26c5af5521') in 0.1431686 seconds
Number of updated asset objects reloaded before import = 0Number of asset objects unloaded after import = 2

========================================================================
Received Import Request.
  Time since last request: 0.000013 seconds.
  path: Assets/Supercyan Character Pack Animal People Sample/Materials/High Quality/animal_people_backpack_material.mat
  artifactKey: Guid(d363e59a3ff6f87448117a549b98e8f5) Importer(815301076,1909f56bfc062723c751e8b465ee728b)
Start importing Assets/Supercyan Character Pack Animal People Sample/Materials/High Quality/animal_people_backpack_material.mat using Guid(d363e59a3ff6f87448117a549b98e8f5) Importer(815301076,1909f56bfc062723c751e8b465ee728b) (PreviewImporter) -> (artifact id: '8f114d91a69495b9b8e465af354731ee') in 0.0177916 seconds
Number of updated asset objects reloaded before import = 0Number of asset objects unloaded after import = 2

========================================================================
Received Import Request.
  Time since last request: 0.000027 seconds.
  path: Assets/Supercyan Character Pack Animal People Sample/Prefabs/Base/High Quality/animal_people_backpack_1_freeSample_onWear.prefab
  artifactKey: Guid(d8cb8658819f03d4189f2ae35a5bac2a) Importer(815301076,1909f56bfc062723c751e8b465ee728b)
Start importing Assets/Supercyan Character Pack Animal People Sample/Prefabs/Base/High Quality/animal_people_backpack_1_freeSample_onWear.prefab using Guid(d8cb8658819f03d4189f2ae35a5bac2a) Importer(815301076,1909f56bfc062723c751e8b465ee728b) (PreviewImporter) -> (artifact id: '60baec31e8190453f14373e543d56479') in 0.0778715 seconds
Number of updated asset objects reloaded before import = 0Number of asset objects unloaded after import = 130

========================================================================
Received Import Request.
  Time since last request: 0.000018 seconds.
  path: Assets/Supercyan Character Pack Animal People Sample/Textures/beanie/animal_people_beanie_texture.psd
  artifactKey: Guid(82316cac3a5d67f4b9c3e05e7ee92e1d) Importer(815301076,1909f56bfc062723c751e8b465ee728b)
Start importing Assets/Supercyan Character Pack Animal People Sample/Textures/beanie/animal_people_beanie_texture.psd using Guid(82316cac3a5d67f4b9c3e05e7ee92e1d) Importer(815301076,1909f56bfc062723c751e8b465ee728b) (PreviewImporter) -> (artifact id: '7066ce1dd333e47925cc84601e3e1358') in 0.0120085 seconds
Number of updated asset objects reloaded before import = 0Number of asset objects unloaded after import = 2

========================================================================
Received Import Request.
  Time since last request: 0.000127 seconds.
  path: Assets/Supercyan Character Pack Animal People Sample/Materials/Mobile/animal_people_wolf_supercyan_material_head_low.mat
  artifactKey: Guid(0453e6d39eb8d7444897aea14522817e) Importer(815301076,1909f56bfc062723c751e8b465ee728b)
Start importing Assets/Supercyan Character Pack Animal People Sample/Materials/Mobile/animal_people_wolf_supercyan_material_head_low.mat using Guid(0453e6d39eb8d7444897aea14522817e) Importer(815301076,1909f56bfc062723c751e8b465ee728b) (PreviewImporter) -> (artifact id: '81a54bae04152397bf25109c54501f61') in 0.0342476 seconds
Number of updated asset objects reloaded before import = 0Number of asset objects unloaded after import = 2

========================================================================
Received Import Request.
  Time since last request: 0.000013 seconds.
  path: Assets/Samples/EasyAR Sense Unity Plugin/4.6.3+3029.cb846598/WorldSensing SurfaceTracking/Materials/EasyAR.mat
  artifactKey: Guid(7ee5f5773331e8a4ca580c410a0ef652) Importer(815301076,1909f56bfc062723c751e8b465ee728b)
Start importing Assets/Samples/EasyAR Sense Unity Plugin/4.6.3+3029.cb846598/WorldSensing SurfaceTracking/Materials/EasyAR.mat using Guid(7ee5f5773331e8a4ca580c410a0ef652) Importer(815301076,1909f56bfc062723c751e8b465ee728b) (PreviewImporter) -> (artifact id: '6d963b59173a9756bf55a98d47478697') in 0.0354714 seconds
Number of updated asset objects reloaded before import = 0Number of asset objects unloaded after import = 2

========================================================================
Received Import Request.
  Time since last request: 0.000013 seconds.
  path: Assets/Samples/EasyAR Sense Unity Plugin/4.6.3+3029.cb846598/WorldSensing SurfaceTracking/Textures/EasyAR.jpg
  artifactKey: Guid(9d132a3ae4db78a488c27b907d5a0e75) Importer(815301076,1909f56bfc062723c751e8b465ee728b)
Start importing Assets/Samples/EasyAR Sense Unity Plugin/4.6.3+3029.cb846598/WorldSensing SurfaceTracking/Textures/EasyAR.jpg using Guid(9d132a3ae4db78a488c27b907d5a0e75) Importer(815301076,1909f56bfc062723c751e8b465ee728b) (PreviewImporter) -> (artifact id: '239ea7568bd4479c84a94ab1f6704a67') in 0.0471915 seconds
Number of updated asset objects reloaded before import = 0Number of asset objects unloaded after import = 2

========================================================================
Received Import Request.
  Time since last request: 0.001191 seconds.
  path: Assets/Supercyan Character Pack Animal People Sample/Prefabs/WithAccessoryLogic/High Quality/animal_people_backpack_1_freeSample_onWear_WithAccessoryLogic.prefab
  artifactKey: Guid(dc0059cf62a0340438b36bdfb3ec4154) Importer(815301076,1909f56bfc062723c751e8b465ee728b)
Start importing Assets/Supercyan Character Pack Animal People Sample/Prefabs/WithAccessoryLogic/High Quality/animal_people_backpack_1_freeSample_onWear_WithAccessoryLogic.prefab using Guid(dc0059cf62a0340438b36bdfb3ec4154) Importer(815301076,1909f56bfc062723c751e8b465ee728b) (PreviewImporter) -> (artifact id: '160bb9036a144974ca79c2df28682a81') in 0.0137245 seconds
Number of updated asset objects reloaded before import = 0Number of asset objects unloaded after import = 194

========================================================================
Received Import Request.
  Time since last request: 0.000013 seconds.
  path: Assets/Supercyan Character Pack Animal People Sample/Animations/common_people@t-pose.FBX
  artifactKey: Guid(66cc588757521114c8d3a234571dc909) Importer(815301076,1909f56bfc062723c751e8b465ee728b)
Start importing Assets/Supercyan Character Pack Animal People Sample/Animations/common_people@t-pose.FBX using Guid(66cc588757521114c8d3a234571dc909) Importer(815301076,1909f56bfc062723c751e8b465ee728b) (PreviewImporter) -> (artifact id: '089168d66610a705e68982ae4afdb17c') in 0.0023921 seconds
Number of updated asset objects reloaded before import = 0Number of asset objects unloaded after import = 66

========================================================================
Received Import Request.
  Time since last request: 0.000013 seconds.
  path: Assets/Supercyan Character Pack Animal People Sample/Prefabs/WithAccessoryLogic/High Quality/animal_people_beanie_wolf_1_onWear_WithAccessoryLogic.prefab
  artifactKey: Guid(78661fff46545d746961e71929694663) Importer(815301076,1909f56bfc062723c751e8b465ee728b)
Start importing Assets/Supercyan Character Pack Animal People Sample/Prefabs/WithAccessoryLogic/High Quality/animal_people_beanie_wolf_1_onWear_WithAccessoryLogic.prefab using Guid(78661fff46545d746961e71929694663) Importer(815301076,1909f56bfc062723c751e8b465ee728b) (PreviewImporter) -> (artifact id: 'fe13bc9c142ba41d40f6cf9bf6222a03') in 0.0233508 seconds
Number of updated asset objects reloaded before import = 0Number of asset objects unloaded after import = 194

========================================================================
Received Import Request.
  Time since last request: 0.000014 seconds.
  path: Assets/Supercyan Character Pack Animal People Sample/Prefabs/Base/High Quality/animal_people_wolf_1.prefab
  artifactKey: Guid(b3d22c566a40cfe45bfc575a822257f4) Importer(815301076,1909f56bfc062723c751e8b465ee728b)
Start importing Assets/Supercyan Character Pack Animal People Sample/Prefabs/Base/High Quality/animal_people_wolf_1.prefab using Guid(b3d22c566a40cfe45bfc575a822257f4) Importer(815301076,1909f56bfc062723c751e8b465ee728b) (PreviewImporter) -> (artifact id: '75c416304435de318c59256732aa5e98') in 0.0401229 seconds
Internal: There are remaining Allocations on the JobTempAlloc. This is a leak, and will impact performance
To Debug, run app with -diag-job-temp-memory-leak-validation cmd line argument. This will output the callstacks of the leaked allocations.
Number of updated asset objects reloaded before import = 0Number of asset objects unloaded after import = 173

========================================================================
Received Import Request.
  Time since last request: 0.000016 seconds.
  path: Assets/Supercyan Character Pack Animal People Sample/Textures/Supercyan Sample/animal_people_wolf_texture_head.png
  artifactKey: Guid(20e951f0a04bc8b4c8bca18599362610) Importer(815301076,1909f56bfc062723c751e8b465ee728b)
Start importing Assets/Supercyan Character Pack Animal People Sample/Textures/Supercyan Sample/animal_people_wolf_texture_head.png using Guid(20e951f0a04bc8b4c8bca18599362610) Importer(815301076,1909f56bfc062723c751e8b465ee728b) (PreviewImporter) -> (artifact id: '36f9cc870ec4aa1b910718159d0339e2') in 0.0092642 seconds
Internal: There are remaining Allocations on the JobTempAlloc. This is a leak, and will impact performance
To Debug, run app with -diag-job-temp-memory-leak-validation cmd line argument. This will output the callstacks of the leaked allocations.
Number of updated asset objects reloaded before import = 0Number of asset objects unloaded after import = 2

========================================================================
Received Import Request.
  Time since last request: 0.000017 seconds.
  path: Assets/Supercyan Character Pack Animal People Sample/Animations/common_people@walk.FBX
  artifactKey: Guid(d996302efc0c9ec41849b12d7e35031f) Importer(815301076,1909f56bfc062723c751e8b465ee728b)
Start importing Assets/Supercyan Character Pack Animal People Sample/Animations/common_people@walk.FBX using Guid(d996302efc0c9ec41849b12d7e35031f) Importer(815301076,1909f56bfc062723c751e8b465ee728b) (PreviewImporter) -> (artifact id: '6df291eb02513cc840e6053a7d9f99dc') in 0.0043004 seconds
Internal: There are remaining Allocations on the JobTempAlloc. This is a leak, and will impact performance
To Debug, run app with -diag-job-temp-memory-leak-validation cmd line argument. This will output the callstacks of the leaked allocations.
Number of updated asset objects reloaded before import = 0Number of asset objects unloaded after import = 61

========================================================================
Received Import Request.
  Time since last request: 0.000021 seconds.
  path: Assets/Samples/EasyAR Sense Unity Plugin/4.6.3+3029.cb846598/WorldSensing SurfaceTracking/Scripts/EasyAR.Sense.Sample.SurfaceTracking.asmdef
  artifactKey: Guid(5890f86a980d6b944883b213c99593b4) Importer(815301076,1909f56bfc062723c751e8b465ee728b)
Start importing Assets/Samples/EasyAR Sense Unity Plugin/4.6.3+3029.cb846598/WorldSensing SurfaceTracking/Scripts/EasyAR.Sense.Sample.SurfaceTracking.asmdef using Guid(5890f86a980d6b944883b213c99593b4) Importer(815301076,1909f56bfc062723c751e8b465ee728b) (PreviewImporter) -> (artifact id: 'ef4e034bfa6e9eee04c0173be2fbf12c') in 0.0003833 seconds
Internal: There are remaining Allocations on the JobTempAlloc. This is a leak, and will impact performance
To Debug, run app with -diag-job-temp-memory-leak-validation cmd line argument. This will output the callstacks of the leaked allocations.
Number of updated asset objects reloaded before import = 0Number of asset objects unloaded after import = 0

========================================================================
Received Import Request.
  Time since last request: 0.000046 seconds.
  path: Assets/Supercyan Character Pack Animal People Sample/Materials/Mobile/animal_people_wolf_supercyan_material_body_low.mat
  artifactKey: Guid(327aabb4d7413994ca21444be332fce4) Importer(815301076,1909f56bfc062723c751e8b465ee728b)
Start importing Assets/Supercyan Character Pack Animal People Sample/Materials/Mobile/animal_people_wolf_supercyan_material_body_low.mat using Guid(327aabb4d7413994ca21444be332fce4) Importer(815301076,1909f56bfc062723c751e8b465ee728b) (PreviewImporter) -> (artifact id: '5e86a6513070b9a8d4a7f594a1dc395a') in 0.0150719 seconds
Internal: There are remaining Allocations on the JobTempAlloc. This is a leak, and will impact performance
To Debug, run app with -diag-job-temp-memory-leak-validation cmd line argument. This will output the callstacks of the leaked allocations.
Number of updated asset objects reloaded before import = 0Number of asset objects unloaded after import = 2

========================================================================
Received Import Request.
  Time since last request: 0.000014 seconds.
  path: Assets/Supercyan Character Pack Animal People Sample/Prefabs/Base/High Quality/animal_people_beanie_wolf_1_onGround.prefab
  artifactKey: Guid(d43967593543b5a42bbf60e146338aec) Importer(815301076,1909f56bfc062723c751e8b465ee728b)
Start importing Assets/Supercyan Character Pack Animal People Sample/Prefabs/Base/High Quality/animal_people_beanie_wolf_1_onGround.prefab using Guid(d43967593543b5a42bbf60e146338aec) Importer(815301076,1909f56bfc062723c751e8b465ee728b) (PreviewImporter) -> (artifact id: '739e8e54a340c0c2dfcd176a2a8c639f') in 0.0100604 seconds
Internal: There are remaining Allocations on the JobTempAlloc. This is a leak, and will impact performance
To Debug, run app with -diag-job-temp-memory-leak-validation cmd line argument. This will output the callstacks of the leaked allocations.
Number of updated asset objects reloaded before import = 0Number of asset objects unloaded after import = 16

========================================================================
Received Import Request.
  Time since last request: 34.876479 seconds.
  path: Packages/com.unity.collab-proxy/Editor/PlasticSCM/Assets/Images/d_secondarytabclosehover@2x.png
  artifactKey: Guid(9aa4348290784b2468144a97eb15d8d7) Importer(815301076,1909f56bfc062723c751e8b465ee728b)
Start importing Packages/com.unity.collab-proxy/Editor/PlasticSCM/Assets/Images/d_secondarytabclosehover@2x.png using Guid(9aa4348290784b2468144a97eb15d8d7) Importer(815301076,1909f56bfc062723c751e8b465ee728b) (PreviewImporter) -> (artifact id: '4ae702f7c2cb80080056baf80fd39604') in 0.017743 seconds
Internal: There are remaining Allocations on the JobTempAlloc. This is a leak, and will impact performance
To Debug, run app with -diag-job-temp-memory-leak-validation cmd line argument. This will output the callstacks of the leaked allocations.
Number of updated asset objects reloaded before import = 0Number of asset objects unloaded after import = 2

========================================================================
Received Import Request.
  Time since last request: 0.000042 seconds.
  path: Packages/com.unity.ugui/Editor Resources/Textures/SectionHeader_Dark.psd
  artifactKey: Guid(fb5730e24283d0c489e5c7d0bee023d9) Importer(815301076,1909f56bfc062723c751e8b465ee728b)
Start importing Packages/com.unity.ugui/Editor Resources/Textures/SectionHeader_Dark.psd using Guid(fb5730e24283d0c489e5c7d0bee023d9) Importer(815301076,1909f56bfc062723c751e8b465ee728b) (PreviewImporter) -> (artifact id: 'd033d60f121a873ef546a01d18e4b4e6') in 0.0615098 seconds
Internal: JobTempAlloc has allocations that are more than the maximum lifespan of 4 frames old - this is not allowed and likely a leak
To Debug, run app with -diag-job-temp-memory-leak-validation cmd line argument. This will output the callstacks of the leaked allocations.
Internal: There are remaining Allocations on the JobTempAlloc. This is a leak, and will impact performance
To Debug, run app with -diag-job-temp-memory-leak-validation cmd line argument. This will output the callstacks of the leaked allocations.
Number of updated asset objects reloaded before import = 0Number of asset objects unloaded after import = 2

========================================================================
Received Import Request.
  Time since last request: 0.000015 seconds.
  path: Packages/com.unity.visualscripting/Editor/VisualScripting.Core/IconMap/VariablesAsset@32.png
  artifactKey: Guid(562f2dd7647d95e499d958215476bbde) Importer(815301076,1909f56bfc062723c751e8b465ee728b)
Start importing Packages/com.unity.visualscripting/Editor/VisualScripting.Core/IconMap/VariablesAsset@32.png using Guid(562f2dd7647d95e499d958215476bbde) Importer(815301076,1909f56bfc062723c751e8b465ee728b) (PreviewImporter) -> (artifact id: '04f62759f63d9bf86928c2bf5f1cc9fe') in 0.1272355 seconds
Internal: There are remaining Allocations on the JobTempAlloc. This is a leak, and will impact performance
To Debug, run app with -diag-job-temp-memory-leak-validation cmd line argument. This will output the callstacks of the leaked allocations.
Number of updated asset objects reloaded before import = 0Number of asset objects unloaded after import = 2

========================================================================
Received Import Request.
  Time since last request: 0.000049 seconds.
  path: Packages/com.unity.timeline/Editor/StyleSheets/Images/DarkSkin/TimelineMarkerItemSelected.png
  artifactKey: Guid(3dd65256ca8837544b3e738c0d3ee0e2) Importer(815301076,1909f56bfc062723c751e8b465ee728b)
Start importing Packages/com.unity.timeline/Editor/StyleSheets/Images/DarkSkin/TimelineMarkerItemSelected.png using Guid(3dd65256ca8837544b3e738c0d3ee0e2) Importer(815301076,1909f56bfc062723c751e8b465ee728b) (PreviewImporter) -> (artifact id: 'eeb04d610bd98b5bcf75b2d8647166df') in 0.0125 seconds
Internal: There are remaining Allocations on the JobTempAlloc. This is a leak, and will impact performance
To Debug, run app with -diag-job-temp-memory-leak-validation cmd line argument. This will output the callstacks of the leaked allocations.
Number of updated asset objects reloaded before import = 0Number of asset objects unloaded after import = 2

Editor requested this worker to shutdown with reason: Scaling down because of idle timeout
AssetImportWorker is now disconnected from the server
Process exiting
Exiting without the bug reporter. Application will terminate with return code 0